MPASM 5.72                       ODEV1V5.ASM   11-5-2019  4:16:46         PAGE  1


LOC  OBJECT CODE     LINE SOURCE TEXT
  VALUE

                      00001 ;KODLAMA SABLONU
                      00002 
                      00003         list            p=16f877A       ; hangi pic
                      00004         #include        <p16f877A.inc>  ; SFR register 'lar?n tan?mland??? kutuphane
                      00001         LIST
                      00002 
                      00003 ;==========================================================================
                      00004 ; Build date : Jan 30 2017
                      00005 ;  MPASM PIC16F877A processor include
                      00006 ; 
                      00007 ;  (c) Copyright 1999-2017 Microchip Technology, All rights reserved
                      00008 ;==========================================================================
                      00009 
                      00567         LIST
                      00005         
2007   3F31           00006         __CONFIG H'3F31'
                      00007 
                      00008 ; WDT, ossilatör gibi register ayarlar?
                      00009 
                      00010         
                      00011 ;KULLANILACAK DEGISKENLER
                      00012 
  00000020            00013 GECIKME1        EQU     0x20    ;GEC?KME 1. DONGU
  00000021            00014 GECIKME2        EQU     0x21    ;GECIKME 2. DONGU
  00000022            00015 GECIKME3        EQU     0x22    ;GECIKME 3.DONGU
                      00016 
                      00017 
                      00018         ORG     0x000                   ; Baslama vektoru
                      00019 
0000   0000           00020         nop                                                     ; ICD ozelliginin aktif edilmesi icin ge
                            reken bekleme 
0001   2???           00021         goto    BASLA                   ; baslama etiketine gir
                      00022 
                      00023         
                      00024 ;**********************************************************************************************
                      00025         ORG     0x004                   ; kesme vektoru
                      00026 
                      00027 
0004                  00028 GECIKME                         ; (herbir komut 4mhz de 1mikrosn) = 1 sn GEC?KME (yakla??k)
0004   300F           00029         MOVLW   0x0F
0005   00A0           00030         MOVWF   GECIKME1        ; Bu gecikme degiskeni eger daha uzun süreler laz?m olursa kullan?lacak 
                            bu ornekte 1 kez yeterli 
0006   30AF           00031         MOVLW   0xAF
0007   00A1           00032         MOVWF   GECIKME2
0008   3001           00033         MOVLW   0x01
0009   00A2           00034         MOVWF   GECIKME3
000A                  00035 DONGU1
000A   0BA0           00036         DECFSZ  GECIKME1,1
000B   2???           00037         GOTO    $+2
000C   0BA1           00038         DECFSZ  GECIKME2,1
000D   2???           00039         GOTO    $+2
000E   0BA2           00040         DECFSZ  GECIKME3,1
000F   2???           00041         GOTO    DONGU1
MPASM 5.72                       ODEV1V5.ASM   11-5-2019  4:16:46         PAGE  2


LOC  OBJECT CODE     LINE SOURCE TEXT
  VALUE

0010   0008           00042         RETURN
                      00043         
0011                  00044 PORTA_AYARLA
0011   3000           00045         MOVLW   B'00000000'
0012   0085           00046         MOVWF   PORTA
0013   1683 1303      00047         BANKSEL TRISA
0015   3006           00048         MOVLW   0x06
Message[302]: Register in operand not in bank 0.  Ensure that bank bits are correct.
0016   009F           00049         MOVWF   ADCON1
0017   3030           00050         MOVLW   B'00110000'
Message[302]: Register in operand not in bank 0.  Ensure that bank bits are correct.
0018   0085           00051         MOVWF   TRISA
0019   1283 1303      00052         BANKSEL PORTA
001B   0008           00053         RETURN
                      00054         
001C                  00055 PORTB_AYARLA
001C   3000           00056         MOVLW   B'00000000'
001D   0086           00057         MOVWF   PORTB
001E   1683 1303      00058         BANKSEL TRISB
Message[302]: Register in operand not in bank 0.  Ensure that bank bits are correct.
0020   0186           00059         CLRF    TRISB
0021   1283 1303      00060         BANKSEL PORTB
0023   0008           00061         RETURN
                      00062         
0024                  00063 BASLA
0024   2???           00064         CALL    PORTA_AYARLA
0025   2???           00065         CALL    PORTB_AYARLA
0026   2???           00066         CALL    KONTROL
                      00067         
0027                  00068 KONTROL
0027   1A05           00069         BTFSC   PORTA,4
0028   2???           00070         CALL    ARTIS
0029   1A85           00071         BTFSC   PORTA,5
002A   2???           00072         CALL    AZALMA
002B   2???           00073         GOTO    KONTROL
                      00074 
                      00075         
002C                  00076 ARTIS
002C   2???           00077         CALL    ARTIS_KONTROLU
002D   0008           00078         RETURN
                      00079         
002E                  00080 ARTIS_KONTROLU
002E   1C05           00081         BTFSS   PORTA,0
002F   2???           00082         GOTO    PORTA0
0030   1C85           00083         BTFSS   PORTA,1
0031   2???           00084         GOTO    PORTA0
0032   1D05           00085         BTFSS   PORTA,2
0033   2???           00086         GOTO    PORTA0
0034   1D85           00087         BTFSS   PORTA,3
0035   2???           00088         GOTO    PORTA0
0036   2???           00089         GOTO    PORTA1
                      00090         
0037                  00091 PORTA0
MPASM 5.72                       ODEV1V5.ASM   11-5-2019  4:16:46         PAGE  3


LOC  OBJECT CODE     LINE SOURCE TEXT
  VALUE

0037   0F86           00092         INCFSZ  PORTB,1
0038   2???           00093         GOTO    B_ARTIS
0039   2???           00094         GOTO    A_ARTIS
                      00095         
003A                  00096 PORTA1
003A   0F86           00097         INCFSZ  PORTB,1
003B   2???           00098         GOTO    B_ARTIS
003C   2???           00099         GOTO    SON_ARTIS
                      00100         
003D                  00101 B_ARTIS
003D   2???           00102         CALL    GECIKME
003E   0008           00103         RETURN
                      00104         
003F                  00105 A_ARTIS
003F   0A85           00106         INCF    PORTA,1
0040   2???           00107         CALL    GECIKME
0041   0008           00108         RETURN
                      00109         
0042                  00110 SON_ARTIS
0042   0185           00111         CLRF    PORTA
0043   2???           00112         CALL    GECIKME
0044   0008           00113         RETURN
                      00114         
                      00115         
                      00116         
0045                  00117 AZALMA
0045   2???           00118         CALL    KONTROL_SIFIR
0046   0008           00119         RETURN
                      00120         
0047                  00121 KONTROL_SIFIR
0047   1805           00122         BTFSC   PORTA,0
0048   2???           00123         GOTO    KONTROL_B_SIFIR
0049   1885           00124         BTFSC   PORTA,1
004A   2???           00125         GOTO    KONTROL_B_SIFIR
004B   1905           00126         BTFSC   PORTA,2
004C   2???           00127         GOTO    KONTROL_B_SIFIR
004D   1985           00128         BTFSC   PORTA,3
004E   2???           00129         GOTO    KONTROL_B_SIFIR
004F   0A86           00130         INCF    PORTB,1
0050   0B86           00131         DECFSZ  PORTB,1
0051   2???           00132         GOTO    B_AZALMA
0052   30FF           00133         MOVLW   0xFF
0053   0085           00134         MOVWF   PORTA
0054   0086           00135         MOVWF   PORTB
0055   2???           00136         CALL    GECIKME
0056   0008           00137         RETURN
                      00138         
0057                  00139 KONTROL_B_SIFIR
0057   0A86           00140         INCF    PORTB,1
0058   0B86           00141         DECFSZ  PORTB,1
0059   2???           00142         GOTO    B_AZALMA
005A   2???           00143         GOTO    A_AZALMA
                      00144         
MPASM 5.72                       ODEV1V5.ASM   11-5-2019  4:16:46         PAGE  4


LOC  OBJECT CODE     LINE SOURCE TEXT
  VALUE

                      00145         
                      00146 
005B                  00147 B_AZALMA
005B   0386           00148         DECF    PORTB,1
005C   2???           00149         CALL    GECIKME
005D   0008           00150         RETURN
                      00151         
005E                  00152 A_AZALMA
005E   0385           00153         DECF    PORTA,1
005F   0986           00154         COMF    PORTB,1
0060   2???           00155         CALL    GECIKME
0061   0008           00156         RETURN
                      00157         
                      00158         
                      00159 
3F31                  00160         END                       ; Program sonu
MPASM 5.72                       ODEV1V5.ASM   11-5-2019  4:16:46         PAGE  5


SYMBOL TABLE
  LABEL                             VALUE 

ACKDT                             00000005
ACKEN                             00000004
ACKSTAT                           00000006
ADCON0                            0000001F
ADCON1                            0000009F
ADCS0                             00000006
ADCS1                             00000007
ADCS2                             00000006
ADDEN                             00000003
ADFM                              00000007
ADIE                              00000006
ADIF                              00000006
ADON                              00000000
ADRESH                            0000001E
ADRESL                            0000009E
ARTIS                             0000002C
ARTIS_KONTROLU                    0000002E
AZALMA                            00000045
A_ARTIS                           0000003F
A_AZALMA                          0000005E
BASLA                             00000024
BCLIE                             00000003
BCLIF                             00000003
BF                                00000000
BRGH                              00000002
B_ARTIS                           0000003D
B_AZALMA                          0000005B
C                                 00000000
C1INV                             00000004
C1OUT                             00000006
C2INV                             00000005
C2OUT                             00000007
CCP1CON                           00000017
CCP1IE                            00000002
CCP1IF                            00000002
CCP1M0                            00000000
CCP1M1                            00000001
CCP1M2                            00000002
CCP1M3                            00000003
CCP1X                             00000005
CCP1Y                             00000004
CCP2CON                           0000001D
CCP2IE                            00000000
CCP2IF                            00000000
CCP2M0                            00000000
CCP2M1                            00000001
CCP2M2                            00000002
CCP2M3                            00000003
CCP2X                             00000005
CCP2Y                             00000004
CCPR1                             00000015
CCPR1H                            00000016
CCPR1L                            00000015
MPASM 5.72                       ODEV1V5.ASM   11-5-2019  4:16:46         PAGE  6


SYMBOL TABLE
  LABEL                             VALUE 

CCPR2                             0000001B
CCPR2H                            0000001C
CCPR2L                            0000001B
CHS0                              00000003
CHS1                              00000004
CHS2                              00000005
CIS                               00000003
CKE                               00000006
CKP                               00000004
CM0                               00000000
CM1                               00000001
CM2                               00000002
CMCON                             0000009C
CMIE                              00000006
CMIF                              00000006
CREN                              00000004
CSRC                              00000007
CVR0                              00000000
CVR1                              00000001
CVR2                              00000002
CVR3                              00000003
CVRCON                            0000009D
CVREN                             00000007
CVROE                             00000006
CVRR                              00000005
D                                 00000005
DATA_ADDRESS                      00000005
DC                                00000001
DONGU1                            0000000A
D_A                               00000005
D_NOT_A                           00000005
EEADR                             0000010D
EEADRH                            0000010F
EECON1                            0000018C
EECON2                            0000018D
EEDATA                            0000010C
EEDATH                            0000010E
EEIE                              00000004
EEIF                              00000004
EEPGD                             00000007
F                                 00000001
FERR                              00000002
FSR                               00000004
GCEN                              00000007
GECIKME                           00000004
GECIKME1                          00000020
GECIKME2                          00000021
GECIKME3                          00000022
GIE                               00000007
GO                                00000002
GO_DONE                           00000002
GO_NOT_DONE                       00000002
I2C_DATA                          00000005
MPASM 5.72                       ODEV1V5.ASM   11-5-2019  4:16:46         PAGE  7


SYMBOL TABLE
  LABEL                             VALUE 

I2C_READ                          00000002
I2C_START                         00000003
I2C_STOP                          00000004
IBF                               00000007
IBOV                              00000005
INDF                              00000000
INTCON                            0000000B
INTE                              00000004
INTEDG                            00000006
INTF                              00000001
IRP                               00000007
KONTROL                           00000027
KONTROL_B_SIFIR                   00000057
KONTROL_SIFIR                     00000047
NOT_A                             00000005
NOT_ADDRESS                       00000005
NOT_BO                            00000000
NOT_BOR                           00000000
NOT_DONE                          00000002
NOT_PD                            00000003
NOT_POR                           00000001
NOT_RBPU                          00000007
NOT_RC8                           00000006
NOT_T1SYNC                        00000002
NOT_TO                            00000004
NOT_TX8                           00000006
NOT_W                             00000002
NOT_WRITE                         00000002
OBF                               00000006
OERR                              00000001
OPTION_REG                        00000081
P                                 00000004
PCFG0                             00000000
PCFG1                             00000001
PCFG2                             00000002
PCFG3                             00000003
PCL                               00000002
PCLATH                            0000000A
PCON                              0000008E
PEIE                              00000006
PEN                               00000002
PIE1                              0000008C
PIE2                              0000008D
PIR1                              0000000C
PIR2                              0000000D
PORTA                             00000005
PORTA0                            00000037
PORTA1                            0000003A
PORTA_AYARLA                      00000011
PORTB                             00000006
PORTB_AYARLA                      0000001C
PORTC                             00000007
PORTD                             00000008
MPASM 5.72                       ODEV1V5.ASM   11-5-2019  4:16:46         PAGE  8


SYMBOL TABLE
  LABEL                             VALUE 

PORTE                             00000009
PR2                               00000092
PS0                               00000000
PS1                               00000001
PS2                               00000002
PSA                               00000003
PSPIE                             00000007
PSPIF                             00000007
PSPMODE                           00000004
R                                 00000002
RA0                               00000000
RA1                               00000001
RA2                               00000002
RA3                               00000003
RA4                               00000004
RA5                               00000005
RB0                               00000000
RB1                               00000001
RB2                               00000002
RB3                               00000003
RB4                               00000004
RB5                               00000005
RB6                               00000006
RB7                               00000007
RBIE                              00000003
RBIF                              00000000
RC0                               00000000
RC1                               00000001
RC2                               00000002
RC3                               00000003
RC4                               00000004
RC5                               00000005
RC6                               00000006
RC7                               00000007
RC8_9                             00000006
RC9                               00000006
RCD8                              00000000
RCEN                              00000003
RCIE                              00000005
RCIF                              00000005
RCREG                             0000001A
RCSTA                             00000018
RD                                00000000
RD0                               00000000
RD1                               00000001
RD2                               00000002
RD3                               00000003
RD4                               00000004
RD5                               00000005
RD6                               00000006
RD7                               00000007
RE0                               00000000
RE1                               00000001
MPASM 5.72                       ODEV1V5.ASM   11-5-2019  4:16:46         PAGE  9


SYMBOL TABLE
  LABEL                             VALUE 

RE2                               00000002
READ_WRITE                        00000002
RP0                               00000005
RP1                               00000006
RSEN                              00000001
RX9                               00000006
RX9D                              00000000
R_NOT_W                           00000002
R_W                               00000002
S                                 00000003
SEN                               00000000
SMP                               00000007
SON_ARTIS                         00000042
SPBRG                             00000099
SPEN                              00000007
SREN                              00000005
SSPADD                            00000093
SSPBUF                            00000013
SSPCON                            00000014
SSPCON2                           00000091
SSPEN                             00000005
SSPIE                             00000003
SSPIF                             00000003
SSPM0                             00000000
SSPM1                             00000001
SSPM2                             00000002
SSPM3                             00000003
SSPOV                             00000006
SSPSTAT                           00000094
STATUS                            00000003
SYNC                              00000004
T0CS                              00000005
T0IE                              00000005
T0IF                              00000002
T0SE                              00000004
T1CKPS0                           00000004
T1CKPS1                           00000005
T1CON                             00000010
T1INSYNC                          00000002
T1OSCEN                           00000003
T1SYNC                            00000002
T2CKPS0                           00000000
T2CKPS1                           00000001
T2CON                             00000012
TMR0                              00000001
TMR0IE                            00000005
TMR0IF                            00000002
TMR1                              0000000E
TMR1CS                            00000001
TMR1H                             0000000F
TMR1IE                            00000000
TMR1IF                            00000000
TMR1L                             0000000E
MPASM 5.72                       ODEV1V5.ASM   11-5-2019  4:16:46         PAGE 10


SYMBOL TABLE
  LABEL                             VALUE 

TMR1ON                            00000000
TMR2                              00000011
TMR2IE                            00000001
TMR2IF                            00000001
TMR2ON                            00000002
TOUTPS0                           00000003
TOUTPS1                           00000004
TOUTPS2                           00000005
TOUTPS3                           00000006
TRISA                             00000085
TRISA0                            00000000
TRISA1                            00000001
TRISA2                            00000002
TRISA3                            00000003
TRISA4                            00000004
TRISA5                            00000005
TRISB                             00000086
TRISB0                            00000000
TRISB1                            00000001
TRISB2                            00000002
TRISB3                            00000003
TRISB4                            00000004
TRISB5                            00000005
TRISB6                            00000006
TRISB7                            00000007
TRISC                             00000087
TRISC0                            00000000
TRISC1                            00000001
TRISC2                            00000002
TRISC3                            00000003
TRISC4                            00000004
TRISC5                            00000005
TRISC6                            00000006
TRISC7                            00000007
TRISD                             00000088
TRISD0                            00000000
TRISD1                            00000001
TRISD2                            00000002
TRISD3                            00000003
TRISD4                            00000004
TRISD5                            00000005
TRISD6                            00000006
TRISD7                            00000007
TRISE                             00000089
TRISE0                            00000000
TRISE1                            00000001
TRISE2                            00000002
TRMT                              00000001
TX8_9                             00000006
TX9                               00000006
TX9D                              00000000
TXD8                              00000000
TXEN                              00000005
MPASM 5.72                       ODEV1V5.ASM   11-5-2019  4:16:46         PAGE 11


SYMBOL TABLE
  LABEL                             VALUE 

TXIE                              00000004
TXIF                              00000004
TXREG                             00000019
TXSTA                             00000098
UA                                00000001
W                                 00000000
WCOL                              00000007
WR                                00000001
WREN                              00000002
WRERR                             00000003
Z                                 00000002
_.org_1_000B                      0000000B
_.org_1_000D                      0000000D
_BODEN_OFF                        00003FBF
_BODEN_ON                         00003FFF
_BOREN_OFF                        00003FBF
_BOREN_ON                         00003FFF
_CONFIG                           00002007
_CPD_OFF                          00003FFF
_CPD_ON                           00003EFF
_CP_ALL                           00001FFF
_CP_OFF                           00003FFF
_CP_ON                            00001FFF
_DEBUG_OFF                        00003FFF
_DEBUG_ON                         000037FF
_DEVID1                           00002006
_FOSC_EXTRC                       00003FFF
_FOSC_HS                          00003FFE
_FOSC_LP                          00003FFC
_FOSC_XT                          00003FFD
_HS_OSC                           00003FFE
_IDLOC0                           00002000
_IDLOC1                           00002001
_IDLOC2                           00002002
_IDLOC3                           00002003
_LP_OSC                           00003FFC
_LVP_OFF                          00003F7F
_LVP_ON                           00003FFF
_PWRTE_OFF                        00003FFF
_PWRTE_ON                         00003FF7
_RC_OSC                           00003FFF
_WDTE_OFF                         00003FFB
_WDTE_ON                          00003FFF
_WDT_OFF                          00003FFB
_WDT_ON                           00003FFF
_WRT_1FOURTH                      00003BFF
_WRT_256                          00003DFF
_WRT_HALF                         000039FF
_WRT_OFF                          00003FFF
_XT_OSC                           00003FFD
__16F877A                         00000001

MPASM 5.72                       ODEV1V5.ASM   11-5-2019  4:16:46         PAGE 12





Errors   :     0
Warnings :     0 reported,     0 suppressed
Messages :     3 reported,     0 suppressed

