MPASM 5.72                       MATRIS3.ASM   11-5-2019  4:18:32         PAGE  1


LOC  OBJECT CODE     LINE SOURCE TEXT
  VALUE

                      00001 ;KODLAMA SABLONU
                      00002 
                      00003         list            p=16f877A       ; hangi pic
                      00004         #include        <p16f877A.inc>  ; SFR register 'lar?n tan?mland??? kutuphane
                      00001         LIST
                      00002 
                      00003 ;==========================================================================
                      00004 ; Build date : Jan 30 2017
                      00005 ;  MPASM PIC16F877A processor include
                      00006 ; 
                      00007 ;  (c) Copyright 1999-2017 Microchip Technology, All rights reserved
                      00008 ;==========================================================================
                      00009 
                      00567         LIST
                      00005         
2007   3F31           00006         __CONFIG H'3F31'
                      00007 
                      00008 ; WDT, ossilatör gibi register ayarlar?
                      00009 
                      00010         
                      00011 ;KULLANILACAK DEGISKENLER
                      00012 
  00000020            00013 GECIKME1        EQU     0x20    ;GEC?KME 1. DONGU
  00000021            00014 GECIKME2        EQU     0x21    ;GECIKME 2. DONGU
  00000022            00015 GECIKME3        EQU     0x22    ;GECIKME 3.DONGU
  00000023            00016 BAS_B           EQU     0x23
  00000024            00017 BAS_C           EQU     0x24
  00000025            00018 ORTA_B          EQU     0x25
  00000026            00019 ORTA_C          EQU     0x26
  00000027            00020 SON_B           EQU     0x27
  00000028            00021 SON_C           EQU     0x28
  00000029            00022 BAS_YON         EQU     0x29
                      00023 
                      00024 
                      00025 
                      00026 ;********************************************************************************************
                      00027         ORG     0x000                   ; Baslama vektoru
                      00028 
0000   0000           00029         nop                                                     ; ICD ozelliginin aktif edilmesi icin ge
                            reken bekleme 
0001   2???           00030         goto    BASLA                   ; baslama etiketine gir
                      00031 
                      00032         
                      00033 ;**********************************************************************************************
                      00034         ORG     0x004                   ; kesme vektoru
                      00035 
                      00036         
                      00037 ;***********************************************************************************************
                      00038 
0004                  00039 GECIKME                         ; (herbir komut 4mhz de 1mikrosn) = 1 sn GEC?KME (yakla??k)
0004   3008           00040         MOVLW   0x08
0005   00A0           00041         MOVWF   GECIKME1        ; Bu gecikme degiskeni eger daha uzun süreler laz?m olursa kullan?lacak 
                            bu ornekte 1 kez yeterli 
MPASM 5.72                       MATRIS3.ASM   11-5-2019  4:18:32         PAGE  2


LOC  OBJECT CODE     LINE SOURCE TEXT
  VALUE

0006   309F           00042         MOVLW   0x9F
0007   00A1           00043         MOVWF   GECIKME2
0008   3001           00044         MOVLW   0x01
0009   00A2           00045         MOVWF   GECIKME3
000A                  00046 DONGU1
000A   0BA0           00047         DECFSZ  GECIKME1,1
000B   2???           00048         GOTO    $+2
000C   0BA1           00049         DECFSZ  GECIKME2,1
000D   2???           00050         GOTO    $+2
000E   0BA2           00051         DECFSZ  GECIKME3,1
000F   2???           00052         GOTO    DONGU1
                      00053                 
0010   0008           00054         RETURN
                      00055         
0011                  00056 GECIK                   ; (herbir komut 4mhz de 1mikrosn) = 1 sn GEC?KME (yakla??k)
0011   30E7           00057         MOVLW   0xE7
0012   00A0           00058         MOVWF   GECIKME1
0013   3004           00059         MOVLW   0x04
0014   00A1           00060         MOVWF   GECIKME2
0015                  00061 DONGU
0015   0BA0           00062         DECFSZ  GECIKME1,1
0016   2???           00063         GOTO    $+2
0017   0BA1           00064         DECFSZ  GECIKME2, 1
0018   2???           00065         GOTO    DONGU
                      00066         
0019   0008           00067         RETURN
                      00068         
001A                  00069 AYARLAR
001A   1683 1303      00070         BANKSEL TRISB
Message[302]: Register in operand not in bank 0.  Ensure that bank bits are correct.
001C   0186           00071         CLRF    TRISB
Message[302]: Register in operand not in bank 0.  Ensure that bank bits are correct.
001D   0187           00072         CLRF    TRISC
001E   3006           00073         MOVLW   0x06
Message[302]: Register in operand not in bank 0.  Ensure that bank bits are correct.
001F   009F           00074         MOVWF   ADCON1
0020   300F           00075         MOVLW   B'00001111'
Message[302]: Register in operand not in bank 0.  Ensure that bank bits are correct.
0021   0085           00076         MOVWF   TRISA
0022   1283 1303      00077         BANKSEL PORTA
0024   301C           00078         MOVLW   B'00011100'
0025   0086           00079         MOVWF   PORTB
0026   3004           00080         MOVLW   B'00000100'
0027   0087           00081         MOVWF   PORTC
0028   3002           00082         MOVLW   D'2'
0029   00A3           00083         MOVWF   BAS_B
002A   00A4           00084         MOVWF   BAS_C
002B   00A6           00085         MOVWF   ORTA_C
002C   00A8           00086         MOVWF   SON_C
002D   3003           00087         MOVLW   D'3'
002E   00A5           00088         MOVWF   ORTA_B
002F   3004           00089         MOVLW   D'4'
0030   00A7           00090         MOVWF   SON_B
MPASM 5.72                       MATRIS3.ASM   11-5-2019  4:18:32         PAGE  3


LOC  OBJECT CODE     LINE SOURCE TEXT
  VALUE

0031   3001           00091         MOVLW   0x01
0032   00A9           00092         MOVWF   BAS_YON
0033   0008           00093         RETURN
                      00094         
0034                  00095 LOOKUP_TABLE
0034   0782           00096         ADDWF   PCL,1
0035   3401           00097         RETLW   B'00000001'
0036   3402           00098         RETLW   B'00000010'
0037   3404           00099         RETLW   B'00000100'
0038   3408           00100         RETLW   B'00001000'
0039   3410           00101         RETLW   B'00010000'
003A   3420           00102         RETLW   B'00100000'
003B   3440           00103         RETLW   B'01000000'
                      00104         
                      00105 
003C                  00106 KONTROL
003C   1C05           00107         BTFSS   PORTA,0
003D   2???           00108         GOTO    YUKARI
003E   1C85           00109         BTFSS   PORTA,1
003F   2???           00110         GOTO    ASAGI
0040   1D05           00111         BTFSS   PORTA,2
0041   2???           00112         GOTO    SAGA
0042   1D85           00113         BTFSS   PORTA,3
0043   2???           00114         GOTO    SOLA
0044   2???           00115         GOTO    KONTROL
                      00116         
                      00117         
0045                  00118 BASLA
                      00119         
0045   2???           00120         CALL    AYARLAR
0046   2???           00121         GOTO    KONTROL
                      00122         
0047                  00123 YEDEKLEME
0047   0825           00124         MOVF    ORTA_B,0
0048   00A7           00125         MOVWF   SON_B
0049   0826           00126         MOVF    ORTA_C,0
004A   00A8           00127         MOVWF   SON_C
004B   0823           00128         MOVF    BAS_B,0
004C   00A5           00129         MOVWF   ORTA_B
004D   0824           00130         MOVF    BAS_C,0
004E   00A6           00131         MOVWF   ORTA_C
004F   0008           00132         RETURN  
                      00133         
0050                  00134 SUPURME
                      00135         
0050   0823           00136         MOVF    BAS_B,0
0051   2???           00137         CALL    LOOKUP_TABLE
0052   0086           00138         MOVWF   PORTB
0053   0824           00139         MOVF    BAS_C,0
0054   2???           00140         CALL    LOOKUP_TABLE
0055   0087           00141         MOVWF   PORTC
0056   2???           00142         CALL    GECIK
                      00143         
MPASM 5.72                       MATRIS3.ASM   11-5-2019  4:18:32         PAGE  4


LOC  OBJECT CODE     LINE SOURCE TEXT
  VALUE

0057   0825           00144         MOVF    ORTA_B,0
0058   2???           00145         CALL    LOOKUP_TABLE
0059   0086           00146         MOVWF   PORTB
005A   0826           00147         MOVF    ORTA_C,0
005B   2???           00148         CALL    LOOKUP_TABLE
005C   0087           00149         MOVWF   PORTC
005D   2???           00150         CALL    GECIK
                      00151         
005E   0827           00152         MOVF    SON_B,0
005F   2???           00153         CALL    LOOKUP_TABLE
0060   0086           00154         MOVWF   PORTB
0061   0828           00155         MOVF    SON_C,0
0062   2???           00156         CALL    LOOKUP_TABLE
0063   0087           00157         MOVWF   PORTC
0064   2???           00158         CALL    GECIK
                      00159         
                      00160         
                      00161         
0065   1C05           00162         BTFSS   PORTA,0
0066   2???           00163         GOTO    YUKARI
0067   1C85           00164         BTFSS   PORTA,1
0068   2???           00165         GOTO    ASAGI
0069   1D05           00166         BTFSS   PORTA,2
006A   2???           00167         GOTO    SAGA
006B   1D85           00168         BTFSS   PORTA,3
006C   2???           00169         GOTO    SOLA
                      00170         
006D   2???           00171         GOTO    SUPURME
                      00172         
                      00173 
006E                  00174 YUKARI
006E   1CA9           00175         BTFSS   BAS_YON,1
006F   2???           00176         GOTO    $+2
0070   2???           00177         GOTO    SUPURME
0071   3001           00178         MOVLW   0x01
0072   00A9           00179         MOVWF   BAS_YON
0073   2???           00180         CALL    GECIKME
0074   2???           00181         CALL    YEDEKLEME
0075   0823           00182         MOVF    BAS_B,0
0076   2???           00183         CALL    LOOKUP_TABLE
0077   0086           00184         MOVWF   PORTB
0078   1C06           00185         BTFSS   PORTB,0
0079   2???           00186         GOTO    $+4
007A   3006           00187         MOVLW   0x06
007B   00A3           00188         MOVWF   BAS_B
007C   2???           00189         GOTO    SUPURME
007D   03A3           00190         DECF    BAS_B,1
007E   2???           00191         GOTO    SUPURME
                      00192 
                      00193 
007F                  00194 ASAGI
007F   1C29           00195         BTFSS   BAS_YON,0
0080   2???           00196         GOTO    $+2
MPASM 5.72                       MATRIS3.ASM   11-5-2019  4:18:32         PAGE  5


LOC  OBJECT CODE     LINE SOURCE TEXT
  VALUE

0081   2???           00197         GOTO    SUPURME
0082   3002           00198         MOVLW   0x02
0083   00A9           00199         MOVWF   BAS_YON
0084   2???           00200         CALL    GECIKME
0085   2???           00201         CALL    YEDEKLEME
0086   0823           00202         MOVF    BAS_B,0
0087   2???           00203         CALL    LOOKUP_TABLE
0088   0086           00204         MOVWF   PORTB
0089   1F06           00205         BTFSS   PORTB,6
008A   2???           00206         GOTO    $+3
008B   01A3           00207         CLRF    BAS_B
008C   2???           00208         GOTO    SUPURME
008D   0AA3           00209         INCF    BAS_B,1
008E   2???           00210         GOTO    SUPURME
                      00211 
                      00212         
008F                  00213 SAGA
008F   1DA9           00214         BTFSS   BAS_YON,3
0090   2???           00215         GOTO    $+2
0091   2???           00216         GOTO    SUPURME
0092   3004           00217         MOVLW   0x04
0093   00A9           00218         MOVWF   BAS_YON
0094   2???           00219         CALL    GECIKME
0095   2???           00220         CALL    YEDEKLEME
0096   0824           00221         MOVF    BAS_C,0
0097   2???           00222         CALL    LOOKUP_TABLE
0098   0087           00223         MOVWF   PORTC
0099   1E07           00224         BTFSS   PORTC,4
009A   2???           00225         GOTO    $+3
009B   01A4           00226         CLRF    BAS_C
009C   2???           00227         GOTO    SUPURME
009D   0AA4           00228         INCF    BAS_C,1
009E   2???           00229         GOTO    SUPURME
                      00230         
009F                  00231 SOLA
009F   1D29           00232         BTFSS   BAS_YON,2
00A0   2???           00233         GOTO    $+2
00A1   2???           00234         GOTO    SUPURME
00A2   3008           00235         MOVLW   0x08
00A3   00A9           00236         MOVWF   BAS_YON
00A4   2???           00237         CALL    GECIKME
00A5   2???           00238         CALL    YEDEKLEME
00A6   0824           00239         MOVF    BAS_C,0
00A7   2???           00240         CALL    LOOKUP_TABLE
00A8   0087           00241         MOVWF   PORTC
00A9   1C07           00242         BTFSS   PORTC,0
00AA   2???           00243         GOTO    $+4
00AB   3004           00244         MOVLW   0x04
00AC   00A4           00245         MOVWF   BAS_C
00AD   2???           00246         GOTO    SUPURME
00AE   03A4           00247         DECF    BAS_C,1
00AF   2???           00248         GOTO    SUPURME
3F31                  00249         END                       ; Program sonu
MPASM 5.72                       MATRIS3.ASM   11-5-2019  4:18:32         PAGE  6


SYMBOL TABLE
  LABEL                             VALUE 

ACKDT                             00000005
ACKEN                             00000004
ACKSTAT                           00000006
ADCON0                            0000001F
ADCON1                            0000009F
ADCS0                             00000006
ADCS1                             00000007
ADCS2                             00000006
ADDEN                             00000003
ADFM                              00000007
ADIE                              00000006
ADIF                              00000006
ADON                              00000000
ADRESH                            0000001E
ADRESL                            0000009E
ASAGI                             0000007F
AYARLAR                           0000001A
BASLA                             00000045
BAS_B                             00000023
BAS_C                             00000024
BAS_YON                           00000029
BCLIE                             00000003
BCLIF                             00000003
BF                                00000000
BRGH                              00000002
C                                 00000000
C1INV                             00000004
C1OUT                             00000006
C2INV                             00000005
C2OUT                             00000007
CCP1CON                           00000017
CCP1IE                            00000002
CCP1IF                            00000002
CCP1M0                            00000000
CCP1M1                            00000001
CCP1M2                            00000002
CCP1M3                            00000003
CCP1X                             00000005
CCP1Y                             00000004
CCP2CON                           0000001D
CCP2IE                            00000000
CCP2IF                            00000000
CCP2M0                            00000000
CCP2M1                            00000001
CCP2M2                            00000002
CCP2M3                            00000003
CCP2X                             00000005
CCP2Y                             00000004
CCPR1                             00000015
CCPR1H                            00000016
CCPR1L                            00000015
CCPR2                             0000001B
CCPR2H                            0000001C
MPASM 5.72                       MATRIS3.ASM   11-5-2019  4:18:32         PAGE  7


SYMBOL TABLE
  LABEL                             VALUE 

CCPR2L                            0000001B
CHS0                              00000003
CHS1                              00000004
CHS2                              00000005
CIS                               00000003
CKE                               00000006
CKP                               00000004
CM0                               00000000
CM1                               00000001
CM2                               00000002
CMCON                             0000009C
CMIE                              00000006
CMIF                              00000006
CREN                              00000004
CSRC                              00000007
CVR0                              00000000
CVR1                              00000001
CVR2                              00000002
CVR3                              00000003
CVRCON                            0000009D
CVREN                             00000007
CVROE                             00000006
CVRR                              00000005
D                                 00000005
DATA_ADDRESS                      00000005
DC                                00000001
DONGU                             00000015
DONGU1                            0000000A
D_A                               00000005
D_NOT_A                           00000005
EEADR                             0000010D
EEADRH                            0000010F
EECON1                            0000018C
EECON2                            0000018D
EEDATA                            0000010C
EEDATH                            0000010E
EEIE                              00000004
EEIF                              00000004
EEPGD                             00000007
F                                 00000001
FERR                              00000002
FSR                               00000004
GCEN                              00000007
GECIK                             00000011
GECIKME                           00000004
GECIKME1                          00000020
GECIKME2                          00000021
GECIKME3                          00000022
GIE                               00000007
GO                                00000002
GO_DONE                           00000002
GO_NOT_DONE                       00000002
I2C_DATA                          00000005
MPASM 5.72                       MATRIS3.ASM   11-5-2019  4:18:32         PAGE  8


SYMBOL TABLE
  LABEL                             VALUE 

I2C_READ                          00000002
I2C_START                         00000003
I2C_STOP                          00000004
IBF                               00000007
IBOV                              00000005
INDF                              00000000
INTCON                            0000000B
INTE                              00000004
INTEDG                            00000006
INTF                              00000001
IRP                               00000007
KONTROL                           0000003C
LOOKUP_TABLE                      00000034
NOT_A                             00000005
NOT_ADDRESS                       00000005
NOT_BO                            00000000
NOT_BOR                           00000000
NOT_DONE                          00000002
NOT_PD                            00000003
NOT_POR                           00000001
NOT_RBPU                          00000007
NOT_RC8                           00000006
NOT_T1SYNC                        00000002
NOT_TO                            00000004
NOT_TX8                           00000006
NOT_W                             00000002
NOT_WRITE                         00000002
OBF                               00000006
OERR                              00000001
OPTION_REG                        00000081
ORTA_B                            00000025
ORTA_C                            00000026
P                                 00000004
PCFG0                             00000000
PCFG1                             00000001
PCFG2                             00000002
PCFG3                             00000003
PCL                               00000002
PCLATH                            0000000A
PCON                              0000008E
PEIE                              00000006
PEN                               00000002
PIE1                              0000008C
PIE2                              0000008D
PIR1                              0000000C
PIR2                              0000000D
PORTA                             00000005
PORTB                             00000006
PORTC                             00000007
PORTD                             00000008
PORTE                             00000009
PR2                               00000092
PS0                               00000000
MPASM 5.72                       MATRIS3.ASM   11-5-2019  4:18:32         PAGE  9


SYMBOL TABLE
  LABEL                             VALUE 

PS1                               00000001
PS2                               00000002
PSA                               00000003
PSPIE                             00000007
PSPIF                             00000007
PSPMODE                           00000004
R                                 00000002
RA0                               00000000
RA1                               00000001
RA2                               00000002
RA3                               00000003
RA4                               00000004
RA5                               00000005
RB0                               00000000
RB1                               00000001
RB2                               00000002
RB3                               00000003
RB4                               00000004
RB5                               00000005
RB6                               00000006
RB7                               00000007
RBIE                              00000003
RBIF                              00000000
RC0                               00000000
RC1                               00000001
RC2                               00000002
RC3                               00000003
RC4                               00000004
RC5                               00000005
RC6                               00000006
RC7                               00000007
RC8_9                             00000006
RC9                               00000006
RCD8                              00000000
RCEN                              00000003
RCIE                              00000005
RCIF                              00000005
RCREG                             0000001A
RCSTA                             00000018
RD                                00000000
RD0                               00000000
RD1                               00000001
RD2                               00000002
RD3                               00000003
RD4                               00000004
RD5                               00000005
RD6                               00000006
RD7                               00000007
RE0                               00000000
RE1                               00000001
RE2                               00000002
READ_WRITE                        00000002
RP0                               00000005
MPASM 5.72                       MATRIS3.ASM   11-5-2019  4:18:32         PAGE 10


SYMBOL TABLE
  LABEL                             VALUE 

RP1                               00000006
RSEN                              00000001
RX9                               00000006
RX9D                              00000000
R_NOT_W                           00000002
R_W                               00000002
S                                 00000003
SAGA                              0000008F
SEN                               00000000
SMP                               00000007
SOLA                              0000009F
SON_B                             00000027
SON_C                             00000028
SPBRG                             00000099
SPEN                              00000007
SREN                              00000005
SSPADD                            00000093
SSPBUF                            00000013
SSPCON                            00000014
SSPCON2                           00000091
SSPEN                             00000005
SSPIE                             00000003
SSPIF                             00000003
SSPM0                             00000000
SSPM1                             00000001
SSPM2                             00000002
SSPM3                             00000003
SSPOV                             00000006
SSPSTAT                           00000094
STATUS                            00000003
SUPURME                           00000050
SYNC                              00000004
T0CS                              00000005
T0IE                              00000005
T0IF                              00000002
T0SE                              00000004
T1CKPS0                           00000004
T1CKPS1                           00000005
T1CON                             00000010
T1INSYNC                          00000002
T1OSCEN                           00000003
T1SYNC                            00000002
T2CKPS0                           00000000
T2CKPS1                           00000001
T2CON                             00000012
TMR0                              00000001
TMR0IE                            00000005
TMR0IF                            00000002
TMR1                              0000000E
TMR1CS                            00000001
TMR1H                             0000000F
TMR1IE                            00000000
TMR1IF                            00000000
MPASM 5.72                       MATRIS3.ASM   11-5-2019  4:18:32         PAGE 11


SYMBOL TABLE
  LABEL                             VALUE 

TMR1L                             0000000E
TMR1ON                            00000000
TMR2                              00000011
TMR2IE                            00000001
TMR2IF                            00000001
TMR2ON                            00000002
TOUTPS0                           00000003
TOUTPS1                           00000004
TOUTPS2                           00000005
TOUTPS3                           00000006
TRISA                             00000085
TRISA0                            00000000
TRISA1                            00000001
TRISA2                            00000002
TRISA3                            00000003
TRISA4                            00000004
TRISA5                            00000005
TRISB                             00000086
TRISB0                            00000000
TRISB1                            00000001
TRISB2                            00000002
TRISB3                            00000003
TRISB4                            00000004
TRISB5                            00000005
TRISB6                            00000006
TRISB7                            00000007
TRISC                             00000087
TRISC0                            00000000
TRISC1                            00000001
TRISC2                            00000002
TRISC3                            00000003
TRISC4                            00000004
TRISC5                            00000005
TRISC6                            00000006
TRISC7                            00000007
TRISD                             00000088
TRISD0                            00000000
TRISD1                            00000001
TRISD2                            00000002
TRISD3                            00000003
TRISD4                            00000004
TRISD5                            00000005
TRISD6                            00000006
TRISD7                            00000007
TRISE                             00000089
TRISE0                            00000000
TRISE1                            00000001
TRISE2                            00000002
TRMT                              00000001
TX8_9                             00000006
TX9                               00000006
TX9D                              00000000
TXD8                              00000000
MPASM 5.72                       MATRIS3.ASM   11-5-2019  4:18:32         PAGE 12


SYMBOL TABLE
  LABEL                             VALUE 

TXEN                              00000005
TXIE                              00000004
TXIF                              00000004
TXREG                             00000019
TXSTA                             00000098
UA                                00000001
W                                 00000000
WCOL                              00000007
WR                                00000001
WREN                              00000002
WRERR                             00000003
YEDEKLEME                         00000047
YUKARI                            0000006E
Z                                 00000002
_.org_1_000B                      0000000B
_.org_1_000D                      0000000D
_.org_1_0016                      00000016
_.org_1_006F                      0000006F
_.org_1_0079                      00000079
_.org_1_0080                      00000080
_.org_1_008A                      0000008A
_.org_1_0090                      00000090
_.org_1_009A                      0000009A
_.org_1_00A0                      000000A0
_.org_1_00AA                      000000AA
_BODEN_OFF                        00003FBF
_BODEN_ON                         00003FFF
_BOREN_OFF                        00003FBF
_BOREN_ON                         00003FFF
_CONFIG                           00002007
_CPD_OFF                          00003FFF
_CPD_ON                           00003EFF
_CP_ALL                           00001FFF
_CP_OFF                           00003FFF
_CP_ON                            00001FFF
_DEBUG_OFF                        00003FFF
_DEBUG_ON                         000037FF
_DEVID1                           00002006
_FOSC_EXTRC                       00003FFF
_FOSC_HS                          00003FFE
_FOSC_LP                          00003FFC
_FOSC_XT                          00003FFD
_HS_OSC                           00003FFE
_IDLOC0                           00002000
_IDLOC1                           00002001
_IDLOC2                           00002002
_IDLOC3                           00002003
_LP_OSC                           00003FFC
_LVP_OFF                          00003F7F
_LVP_ON                           00003FFF
_PWRTE_OFF                        00003FFF
_PWRTE_ON                         00003FF7
_RC_OSC                           00003FFF
MPASM 5.72                       MATRIS3.ASM   11-5-2019  4:18:32         PAGE 13


SYMBOL TABLE
  LABEL                             VALUE 

_WDTE_OFF                         00003FFB
_WDTE_ON                          00003FFF
_WDT_OFF                          00003FFB
_WDT_ON                           00003FFF
_WRT_1FOURTH                      00003BFF
_WRT_256                          00003DFF
_WRT_HALF                         000039FF
_WRT_OFF                          00003FFF
_XT_OSC                           00003FFD
__16F877A                         00000001

Errors   :     0
Warnings :     0 reported,     0 suppressed
Messages :     4 reported,     0 suppressed

